#
# There is insufficient memory for the Java Runtime Environment to continue.
# Native memory allocation (malloc) failed to allocate 458576 bytes for Chunk::new
# Possible reasons:
#   The system is out of physical RAM or swap space
#   In 32 bit mode, the process size limit was hit
# Possible solutions:
#   Reduce memory load on the system
#   Increase physical memory or swap space
#   Check if swap backing store is full
#   Use 64 bit Java on a 64 bit OS
#   Decrease Java heap size (-Xmx/-Xms)
#   Decrease number of Java threads
#   Decrease Java thread stack sizes (-Xss)
#   Set larger code cache with -XX:ReservedCodeCacheSize=
# This output file may be truncated or incomplete.
#
#  Out of Memory Error (allocation.cpp:390), pid=11680, tid=13584
#
# JRE version: Java(TM) SE Runtime Environment (8.0_45-b15) (build 1.8.0_45-b15)
# Java VM: Java HotSpot(TM) 64-Bit Server VM (25.45-b02 mixed mode windows-amd64 compressed oops)
# Failed to write core dump. Minidumps are not enabled by default on client versions of Windows
#

---------------  T H R E A D  ---------------

Current thread (0x00000000149b2000):  JavaThread "C2 CompilerThread1" daemon [_thread_in_native, id=13584, stack(0x0000000016020000,0x0000000016120000)]

Stack: [0x0000000016020000,0x0000000016120000]
Native frames: (J=compiled Java code, j=interpreted, Vv=VM code, C=native code)
V  [jvm.dll+0x32b57a]
V  [jvm.dll+0x279873]
V  [jvm.dll+0x27a509]
V  [jvm.dll+0x271825]
V  [jvm.dll+0xcb9e2]
V  [jvm.dll+0xcbeac]
V  [jvm.dll+0x49298c]
V  [jvm.dll+0x45f8ca]
V  [jvm.dll+0x46a73b]
V  [jvm.dll+0x46cd52]
V  [jvm.dll+0x4500f2]
V  [jvm.dll+0xa4352]
V  [jvm.dll+0xa4c8f]
V  [jvm.dll+0x241984]
V  [jvm.dll+0x29853a]
C  [msvcr100.dll+0x21d9f]
C  [msvcr100.dll+0x21e3b]
C  [KERNEL32.DLL+0x18102]
C  [ntdll.dll+0x5c574]


Current CompileTask:
C2:   6126 1600       4       com.android.dx.ssa.back.IdenticalBlockCombiner::combineBlocks (102 bytes)


---------------  P R O C E S S  ---------------

Java Threads: ( => current thread )
  0x0000000016495000 JavaThread "pool-1-thread-4" [_thread_in_Java, id=4276, stack(0x0000000016c20000,0x0000000016d20000)]
  0x00000000164a5000 JavaThread "pool-1-thread-3" [_thread_in_Java, id=7672, stack(0x0000000016b20000,0x0000000016c20000)]
  0x00000000164a0800 JavaThread "pool-1-thread-2" [_thread_in_Java, id=10500, stack(0x0000000016a20000,0x0000000016b20000)]
  0x0000000016492800 JavaThread "pool-2-thread-1" [_thread_blocked, id=13916, stack(0x0000000016920000,0x0000000016a20000)]
  0x0000000016489000 JavaThread "pool-1-thread-1" [_thread_in_Java, id=13768, stack(0x0000000016820000,0x0000000016920000)]
  0x000000001624f000 JavaThread "Service Thread" daemon [_thread_blocked, id=10508, stack(0x0000000016620000,0x0000000016720000)]
  0x00000000149b8000 JavaThread "C1 CompilerThread2" daemon [_thread_blocked, id=824, stack(0x0000000016120000,0x0000000016220000)]
=>0x00000000149b2000 JavaThread "C2 CompilerThread1" daemon [_thread_in_native, id=13584, stack(0x0000000016020000,0x0000000016120000)]
  0x00000000149ab800 JavaThread "C2 CompilerThread0" daemon [_thread_in_native, id=4004, stack(0x0000000015f20000,0x0000000016020000)]
  0x00000000149aa800 JavaThread "Attach Listener" daemon [_thread_blocked, id=12716, stack(0x0000000015e20000,0x0000000015f20000)]
  0x00000000149a9800 JavaThread "Signal Dispatcher" daemon [_thread_blocked, id=14720, stack(0x0000000015d20000,0x0000000015e20000)]
  0x00000000022d9000 JavaThread "Finalizer" daemon [_thread_blocked, id=5792, stack(0x0000000015c20000,0x0000000015d20000)]
  0x00000000022d0800 JavaThread "Reference Handler" daemon [_thread_blocked, id=12796, stack(0x0000000015b20000,0x0000000015c20000)]
  0x00000000021e0800 JavaThread "main" [_thread_in_vm, id=10844, stack(0x0000000002080000,0x0000000002180000)]

Other Threads:
  0x0000000014977800 VMThread [stack: 0x0000000015a20000,0x0000000015b20000] [id=13712]
  0x000000001624f800 WatcherThread [stack: 0x0000000016720000,0x0000000016820000] [id=2440]

VM state:not at safepoint (normal execution)

VM Mutex/Monitor currently owned by a thread: None

Heap:
 PSYoungGen      total 53248K, used 44664K [0x00000000eab00000, 0x00000000ee300000, 0x0000000100000000)
  eden space 49152K, 82% used [0x00000000eab00000,0x00000000ed2a2198,0x00000000edb00000)
  from space 4096K, 99% used [0x00000000edb00000,0x00000000edefc1a8,0x00000000edf00000)
  to   space 4096K, 0% used [0x00000000edf00000,0x00000000edf00000,0x00000000ee300000)
 ParOldGen       total 65536K, used 12983K [0x00000000c0000000, 0x00000000c4000000, 0x00000000eab00000)
  object space 65536K, 19% used [0x00000000c0000000,0x00000000c0caddd0,0x00000000c4000000)
 Metaspace       used 6092K, capacity 7088K, committed 7296K, reserved 1056768K
  class space    used 582K, capacity 616K, committed 640K, reserved 1048576K

Card table byte_map: [0x00000000116a0000,0x00000000118b0000] byte_map_base: 0x00000000110a0000

Marking Bits: (ParMarkBitMap*) 0x0000000071904040
 Begin Bits: [0x0000000011e10000, 0x0000000012e10000)
 End Bits:   [0x0000000012e10000, 0x0000000013e10000)

Polling page: 0x0000000002040000

CodeCache: size=245760Kb used=7569Kb max_used=7569Kb free=238190Kb
 bounds [0x00000000022e0000, 0x0000000002a50000, 0x00000000112e0000]
 total_blobs=1989 nmethods=1719 adapters=182
 compilation: enabled

Compilation events (10 events):
Event: 5.612 Thread 0x00000000149b8000 1690       2       com.android.dx.dex.file.ClassDefItem::addMethodAnnotations (11 bytes)
Event: 5.612 Thread 0x00000000149b8000 nmethod 1690 0x0000000002a10990 code [0x0000000002a10b00, 0x0000000002a10c68]
Event: 5.612 Thread 0x00000000149b8000 1691       2       com.android.dx.dex.file.AnnotationsDirectoryItem::addMethodAnnotations (44 bytes)
Event: 5.613 Thread 0x00000000149b8000 nmethod 1691 0x0000000002a10d50 code [0x0000000002a10ee0, 0x0000000002a11328]
Event: 5.613 Thread 0x00000000149b8000 1692       2       com.android.dx.dex.file.MethodAnnotationStruct::<init> (43 bytes)
Event: 5.613 Thread 0x00000000149b8000 nmethod 1692 0x0000000002a11650 code [0x0000000002a117e0, 0x0000000002a11ab8]
Event: 5.631 Thread 0x00000000149b2000 nmethod 1613 0x0000000002a15ed0 code [0x0000000002a160e0, 0x0000000002a17728]
Event: 5.631 Thread 0x00000000149b2000 1683       4       java.util.HashMap::resize (359 bytes)
Event: 5.647 Thread 0x00000000149b2000 nmethod 1683 0x0000000002a142d0 code [0x0000000002a14460, 0x0000000002a149d8]
Event: 5.647 Thread 0x00000000149b2000 1600       4       com.android.dx.ssa.back.IdenticalBlockCombiner::combineBlocks (102 bytes)

GC Heap History (4 events):
Event: 1.647 GC heap before
{Heap before GC invocations=1 (full 0):
 PSYoungGen      total 28672K, used 24576K [0x00000000eab00000, 0x00000000ecb00000, 0x0000000100000000)
  eden space 24576K, 100% used [0x00000000eab00000,0x00000000ec300000,0x00000000ec300000)
  from space 4096K, 0% used [0x00000000ec700000,0x00000000ec700000,0x00000000ecb00000)
  to   space 4096K, 0% used [0x00000000ec300000,0x00000000ec300000,0x00000000ec700000)
 ParOldGen       total 65536K, used 0K [0x00000000c0000000, 0x00000000c4000000, 0x00000000eab00000)
  object space 65536K, 0% used [0x00000000c0000000,0x00000000c0000000,0x00000000c4000000)
 Metaspace       used 5788K, capacity 6896K, committed 7040K, reserved 1056768K
  class space    used 580K, capacity 616K, committed 640K, reserved 1048576K
Event: 1.791 GC heap after
Heap after GC invocations=1 (full 0):
 PSYoungGen      total 28672K, used 4071K [0x00000000eab00000, 0x00000000ee300000, 0x0000000100000000)
  eden space 24576K, 0% used [0x00000000eab00000,0x00000000eab00000,0x00000000ec300000)
  from space 4096K, 99% used [0x00000000ec300000,0x00000000ec6f9fa0,0x00000000ec700000)
  to   space 4096K, 0% used [0x00000000edf00000,0x00000000edf00000,0x00000000ee300000)
 ParOldGen       total 65536K, used 1381K [0x00000000c0000000, 0x00000000c4000000, 0x00000000eab00000)
  object space 65536K, 2% used [0x00000000c0000000,0x00000000c01595c8,0x00000000c4000000)
 Metaspace       used 5788K, capacity 6896K, committed 7040K, reserved 1056768K
  class space    used 580K, capacity 616K, committed 640K, reserved 1048576K
}
Event: 2.823 GC heap before
{Heap before GC invocations=2 (full 0):
 PSYoungGen      total 28672K, used 28647K [0x00000000eab00000, 0x00000000ee300000, 0x0000000100000000)
  eden space 24576K, 100% used [0x00000000eab00000,0x00000000ec300000,0x00000000ec300000)
  from space 4096K, 99% used [0x00000000ec300000,0x00000000ec6f9fa0,0x00000000ec700000)
  to   space 4096K, 0% used [0x00000000edf00000,0x00000000edf00000,0x00000000ee300000)
 ParOldGen       total 65536K, used 1381K [0x00000000c0000000, 0x00000000c4000000, 0x00000000eab00000)
  object space 65536K, 2% used [0x00000000c0000000,0x00000000c01595c8,0x00000000c4000000)
 Metaspace       used 5956K, capacity 7024K, committed 7296K, reserved 1056768K
  class space    used 581K, capacity 616K, committed 640K, reserved 1048576K
Event: 2.961 GC heap after
Heap after GC invocations=2 (full 0):
 PSYoungGen      total 53248K, used 4090K [0x00000000eab00000, 0x00000000ee300000, 0x0000000100000000)
  eden space 49152K, 0% used [0x00000000eab00000,0x00000000eab00000,0x00000000edb00000)
  from space 4096K, 99% used [0x00000000edf00000,0x00000000ee2feaa8,0x00000000ee300000)
  to   space 4096K, 0% used [0x00000000edb00000,0x00000000edb00000,0x00000000edf00000)
 ParOldGen       total 65536K, used 5725K [0x00000000c0000000, 0x00000000c4000000, 0x00000000eab00000)
  object space 65536K, 8% used [0x00000000c0000000,0x00000000c05977b8,0x00000000c4000000)
 Metaspace       used 5956K, capacity 7024K, committed 7296K, reserved 1056768K
  class space    used 581K, capacity 616K, committed 640K, reserved 1048576K
}

Deoptimization events (10 events):
Event: 4.654 Thread 0x0000000016489000 Uncommon trap: reason=bimorphic action=maybe_recompile pc=0x0000000002996db8 method=com.android.dx.cf.code.BytecodeArray.parseInstruction(ILcom/android/dx/cf/code/BytecodeArray$Visitor;)I @ 1501
Event: 4.654 Thread 0x0000000016489000 Uncommon trap: reason=bimorphic action=maybe_recompile pc=0x0000000002996db8 method=com.android.dx.cf.code.BytecodeArray.parseInstruction(ILcom/android/dx/cf/code/BytecodeArray$Visitor;)I @ 1501
Event: 4.659 Thread 0x0000000016489000 Uncommon trap: reason=bimorphic action=maybe_recompile pc=0x000000000299ae94 method=com.android.dx.cf.code.BytecodeArray.parseInstruction(ILcom/android/dx/cf/code/BytecodeArray$Visitor;)I @ 2484
Event: 4.659 Thread 0x0000000016489000 Uncommon trap: reason=bimorphic action=maybe_recompile pc=0x000000000299ae94 method=com.android.dx.cf.code.BytecodeArray.parseInstruction(ILcom/android/dx/cf/code/BytecodeArray$Visitor;)I @ 2484
Event: 4.684 Thread 0x00000000021e0800 Uncommon trap: reason=class_check action=maybe_recompile pc=0x000000000298a638 method=com.android.dx.ssa.SCCP.simulatePhi(Lcom/android/dx/ssa/PhiInsn;)V @ 124
Event: 4.704 Thread 0x00000000164a0800 Uncommon trap: reason=bimorphic action=maybe_recompile pc=0x00000000026dbb60 method=java.util.HashMap.getNode(ILjava/lang/Object;)Ljava/util/HashMap$Node; @ 126
Event: 4.707 Thread 0x00000000164a0800 Uncommon trap: reason=bimorphic action=maybe_recompile pc=0x00000000026dbb60 method=java.util.HashMap.getNode(ILjava/lang/Object;)Ljava/util/HashMap$Node; @ 126
Event: 4.717 Thread 0x00000000164a0800 Uncommon trap: reason=bimorphic action=maybe_recompile pc=0x00000000029834b8 method=java.util.HashMap.putVal(ILjava/lang/Object;Ljava/lang/Object;ZZ)Ljava/lang/Object; @ 203
Event: 4.740 Thread 0x00000000021e0800 Uncommon trap: reason=class_check action=maybe_recompile pc=0x000000000298a638 method=com.android.dx.ssa.SCCP.simulatePhi(Lcom/android/dx/ssa/PhiInsn;)V @ 124
Event: 5.443 Thread 0x00000000164a0800 Uncommon trap: reason=bimorphic action=maybe_recompile pc=0x00000000029da208 method=com.android.dx.rop.code.RegisterSpec.withSimpleType()Lcom/android/dx/rop/code/RegisterSpec; @ 21

Internal exceptions (3 events):
Event: 0.052 Thread 0x00000000021e0800 Exception <a 'java/lang/NoSuchMethodError': Method sun.misc.Unsafe.defineClass(Ljava/lang/String;[BII)Ljava/lang/Class; name or signature does not match> (0x00000000eab0d000) thrown at [C:\re\workspace\8-2-build-windows-amd64-cygwin\jdk8u45\3627\hotspot\srlzM<'t™?
Event: 0.052 Thread 0x00000000021e0800 Exception <a 'java/lang/NoSuchMethodError': Method sun.misc.Unsafe.prefetchRead(Ljava/lang/Object;J)V name or signature does not match> (0x00000000eab0d290) thrown at [C:\re\workspace\8-2-build-windows-amd64-cygwin\jdk8u45\3627\hotspot\src\share\vm\prims\jŒ„
êIø@
Event: 2.218 Thread 0x00000000164a0800 Implicit null exception at 0x0000000002665048 to 0x0000000002667e59

Events (10 events):
Event: 4.707 Thread 0x00000000164a0800 DEOPT UNPACKING pc=0x000000000232582a sp=0x0000000016b1ece0 mode 2
Event: 4.717 Thread 0x00000000164a0800 Uncommon trap: trap_request=0xffffffc6 fr.pc=0x00000000029834b8
Event: 4.717 Thread 0x00000000164a0800 DEOPT PACKING pc=0x00000000029834b8 sp=0x0000000016b1ed40
Event: 4.717 Thread 0x00000000164a0800 DEOPT UNPACKING pc=0x000000000232582a sp=0x0000000016b1ecc8 mode 2
Event: 4.740 Thread 0x00000000021e0800 Uncommon trap: trap_request=0xffffffde fr.pc=0x000000000298a638
Event: 4.740 Thread 0x00000000021e0800 DEOPT PACKING pc=0x000000000298a638 sp=0x000000000217e2c0
Event: 4.741 Thread 0x00000000021e0800 DEOPT UNPACKING pc=0x000000000232582a sp=0x000000000217e248 mode 2
Event: 5.443 Thread 0x00000000164a0800 Uncommon trap: trap_request=0xffffffc6 fr.pc=0x00000000029da208
Event: 5.443 Thread 0x00000000164a0800 DEOPT PACKING pc=0x00000000029da208 sp=0x0000000016b1ee40
Event: 5.443 Thread 0x00000000164a0800 DEOPT UNPACKING pc=0x000000000232582a sp=0x0000000016b1edc8 mode 2


Dynamic libraries:
0x00007ff6803e0000 - 0x00007ff680417000 	C:\Program Files\Java\jdk1.8.0_45\bin\java.exe
0x00007ffc5d240000 - 0x00007ffc5d401000 	C:\WINDOWS\SYSTEM32\ntdll.dll
0x00007ffc5cb80000 - 0x00007ffc5cc2d000 	C:\WINDOWS\system32\KERNEL32.DLL
0x00007ffc59b90000 - 0x00007ffc59d78000 	C:\WINDOWS\system32\KERNELBASE.dll
0x00007ffc5af60000 - 0x00007ffc5b007000 	C:\WINDOWS\system32\ADVAPI32.dll
0x00007ffc5cd50000 - 0x00007ffc5cded000 	C:\WINDOWS\system32\msvcrt.dll
0x00007ffc5aa70000 - 0x00007ffc5aacb000 	C:\WINDOWS\system32\sechost.dll
0x00007ffc5cc30000 - 0x00007ffc5cd4c000 	C:\WINDOWS\system32\RPCRT4.dll
0x00007ffc5a8b0000 - 0x00007ffc5aa06000 	C:\WINDOWS\system32\USER32.dll
0x00007ffc5b230000 - 0x00007ffc5b3b6000 	C:\WINDOWS\system32\GDI32.dll
0x00007ffc4f010000 - 0x00007ffc4f284000 	C:\WINDOWS\WinSxS\amd64_microsoft.windows.common-controls_6595b64144ccf1df_6.0.10586.0_none_8c15ae12515e1c22\COMCTL32.dll
0x00007ffc5cdf0000 - 0x00007ffc5d06d000 	C:\WINDOWS\system32\combase.dll
0x00007ffc5a5d0000 - 0x00007ffc5a63a000 	C:\WINDOWS\system32\bcryptPrimitives.dll
0x00007ffc5aa10000 - 0x00007ffc5aa4b000 	C:\WINDOWS\system32\IMM32.DLL
0x0000000070c00000 - 0x0000000070cd2000 	C:\Program Files\Java\jdk1.8.0_45\jre\bin\msvcr100.dll
0x0000000071100000 - 0x0000000071983000 	C:\Program Files\Java\jdk1.8.0_45\jre\bin\server\jvm.dll
0x00007ffc5d0e0000 - 0x00007ffc5d0e8000 	C:\WINDOWS\system32\PSAPI.DLL
0x00007ffc52a70000 - 0x00007ffc52a79000 	C:\WINDOWS\SYSTEM32\WSOCK32.dll
0x00007ffc57c20000 - 0x00007ffc57c43000 	C:\WINDOWS\SYSTEM32\WINMM.dll
0x00007ffc5d070000 - 0x00007ffc5d0db000 	C:\WINDOWS\system32\WS2_32.dll
0x00007ffc4c830000 - 0x00007ffc4c83a000 	C:\WINDOWS\SYSTEM32\VERSION.dll
0x00007ffc57bf0000 - 0x00007ffc57c1c000 	C:\WINDOWS\SYSTEM32\WINMMBASE.dll
0x00007ffc59ac0000 - 0x00007ffc59b03000 	C:\WINDOWS\system32\cfgmgr32.dll
0x00000000710f0000 - 0x00000000710ff000 	C:\Program Files\Java\jdk1.8.0_45\jre\bin\verify.dll
0x00000000710c0000 - 0x00000000710e9000 	C:\Program Files\Java\jdk1.8.0_45\jre\bin\java.dll
0x00000000710a0000 - 0x00000000710b6000 	C:\Program Files\Java\jdk1.8.0_45\jre\bin\zip.dll
0x00007ffc5b3c0000 - 0x00007ffc5c91c000 	C:\WINDOWS\system32\SHELL32.dll
0x00007ffc59e40000 - 0x00007ffc5a485000 	C:\WINDOWS\system32\windows.storage.dll
0x00007ffc5b010000 - 0x00007ffc5b062000 	C:\WINDOWS\system32\shlwapi.dll
0x00007ffc598e0000 - 0x00007ffc598ef000 	C:\WINDOWS\system32\kernel.appcore.dll
0x00007ffc59d80000 - 0x00007ffc59e35000 	C:\WINDOWS\system32\shcore.dll
0x00007ffc59860000 - 0x00007ffc598ab000 	C:\WINDOWS\system32\powrprof.dll
0x00007ffc598b0000 - 0x00007ffc598c4000 	C:\WINDOWS\system32\profapi.dll
0x00007ffc48920000 - 0x00007ffc48aac000 	C:\WINDOWS\SYSTEM32\dbghelp.dll

VM Arguments:
jvm_args: -Xmx1024M -Dfile.encoding=windows-1252 -Duser.country=US -Duser.language=en -Duser.variant 
java_command: com.android.dx.command.Main --dex --num-threads=4 --output C:\Users\Rishabh\Documents\GitHub\Epoque\Epoque\app\build\intermediates\pre-dexed\debug\apache-httpcomponents-httpclient-97dbb317c3dd9616f4a61f4bec065147803b9e0d.jar C:\Users\Rishabh\Documents\GitHub\Epoque\Epoque\app\libs\apache-httpcomponents-httpclient.jar
java_class_path (initial): C:\Program Files\Android\android-sdk\build-tools\23.0.1\lib\dx.jar
Launcher Type: SUN_STANDARD

Environment Variables:
PATH=C:\ProgramData\Oracle\Java\javapath;C:\WINDOWS\system32;C:\WINDOWS;C:\WINDOWS\System32\Wbem;C:\WINDOWS\System32\WindowsPowerShell\v1.0\;C:\Program Files (x86)\Intel\OpenCL SDK\2.0\bin\x86;C:\Program Files (x86)\Intel\OpenCL SDK\2.0\bin\x64;C:\Program Files (x86)\Common Files\lenovo\easyplussdk\bin;C:\Program Files (x86)\Skype\Phone\
USERNAME=Rishabh
OS=Windows_NT
PROCESSOR_IDENTIFIER=Intel64 Family 6 Model 42 Stepping 7, GenuineIntel



---------------  S Y S T E M  ---------------

OS: Windows 10.0 , 64 bit Build 10586 (10.0.10586.0)

CPU:total 4 (2 cores per cpu, 2 threads per core) family 6 model 42 stepping 7, cmov, cx8, fxsr, mmx, sse, sse2, sse3, ssse3, sse4.1, sse4.2, popcnt, avx, clmul, ht, tsc, tscinvbit

Memory: 4k page, physical 6196404k(564004k free), swap 9876984k(2444k free)

vm_info: Java HotSpot(TM) 64-Bit Server VM (25.45-b02) for windows-amd64 JRE (1.8.0_45-b15), built on Apr 30 2015 12:40:44 by "java_re" with MS VC++ 10.0 (VS2010)

time: Mon Feb 29 03:34:30 2016
elapsed time: 6 seconds (0d 0h 0m 6s)

