#
# There is insufficient memory for the Java Runtime Environment to continue.
# Native memory allocation (malloc) failed to allocate 1928896 bytes for Chunk::new
# Possible reasons:
#   The system is out of physical RAM or swap space
#   In 32 bit mode, the process size limit was hit
# Possible solutions:
#   Reduce memory load on the system
#   Increase physical memory or swap space
#   Check if swap backing store is full
#   Use 64 bit Java on a 64 bit OS
#   Decrease Java heap size (-Xmx/-Xms)
#   Decrease number of Java threads
#   Decrease Java thread stack sizes (-Xss)
#   Set larger code cache with -XX:ReservedCodeCacheSize=
# This output file may be truncated or incomplete.
#
#  Out of Memory Error (allocation.cpp:390), pid=9528, tid=3404
#
# JRE version: Java(TM) SE Runtime Environment (8.0_45-b15) (build 1.8.0_45-b15)
# Java VM: Java HotSpot(TM) 64-Bit Server VM (25.45-b02 mixed mode windows-amd64 compressed oops)
# Failed to write core dump. Minidumps are not enabled by default on client versions of Windows
#

---------------  T H R E A D  ---------------

Current thread (0x00000000149c0000):  JavaThread "C2 CompilerThread1" daemon [_thread_in_native, id=3404, stack(0x0000000016020000,0x0000000016120000)]

Stack: [0x0000000016020000,0x0000000016120000]
Native frames: (J=compiled Java code, j=interpreted, Vv=VM code, C=native code)
V  [jvm.dll+0x32b57a]
V  [jvm.dll+0x279873]
V  [jvm.dll+0x27a509]
V  [jvm.dll+0x271825]
V  [jvm.dll+0xcb9e2]
V  [jvm.dll+0xcbeac]
V  [jvm.dll+0x476ef2]
V  [jvm.dll+0x4b955f]
V  [jvm.dll+0x46b92f]
V  [jvm.dll+0x46ccbe]
V  [jvm.dll+0x4500f2]
V  [jvm.dll+0xa4352]
V  [jvm.dll+0xa4c8f]
V  [jvm.dll+0x241984]
V  [jvm.dll+0x29853a]
C  [msvcr100.dll+0x21d9f]
C  [msvcr100.dll+0x21e3b]
C  [KERNEL32.DLL+0x18102]
C  [ntdll.dll+0x5c574]


Current CompileTask:
C2:   3249 1530   !   4       com.android.dx.cf.code.BytecodeArray::parseInstruction (2764 bytes)


---------------  P R O C E S S  ---------------

Java Threads: ( => current thread )
  0x0000000016380000 JavaThread "pool-1-thread-4" [_thread_blocked, id=4812, stack(0x0000000016c20000,0x0000000016d20000)]
  0x000000001637f000 JavaThread "pool-1-thread-3" [_thread_in_Java, id=7428, stack(0x0000000016b20000,0x0000000016c20000)]
  0x000000001637a000 JavaThread "pool-1-thread-2" [_thread_blocked, id=12116, stack(0x0000000016a20000,0x0000000016b20000)]
  0x0000000016373000 JavaThread "pool-2-thread-1" [_thread_blocked, id=516, stack(0x0000000016920000,0x0000000016a20000)]
  0x0000000016372000 JavaThread "pool-1-thread-1" [_thread_in_Java, id=12632, stack(0x0000000016820000,0x0000000016920000)]
  0x000000001612e800 JavaThread "Service Thread" daemon [_thread_blocked, id=3840, stack(0x0000000016620000,0x0000000016720000)]
  0x0000000016128800 JavaThread "C1 CompilerThread2" daemon [_thread_in_native, id=11312, stack(0x0000000016520000,0x0000000016620000)]
=>0x00000000149c0000 JavaThread "C2 CompilerThread1" daemon [_thread_in_native, id=3404, stack(0x0000000016020000,0x0000000016120000)]
  0x00000000149b8800 JavaThread "C2 CompilerThread0" daemon [_thread_in_native, id=11968, stack(0x0000000015f20000,0x0000000016020000)]
  0x00000000149b7000 JavaThread "Attach Listener" daemon [_thread_blocked, id=14680, stack(0x0000000015e20000,0x0000000015f20000)]
  0x00000000149b6000 JavaThread "Signal Dispatcher" daemon [_thread_blocked, id=11592, stack(0x0000000015d20000,0x0000000015e20000)]
  0x00000000022e0800 JavaThread "Finalizer" daemon [_thread_blocked, id=15020, stack(0x0000000015c20000,0x0000000015d20000)]
  0x00000000022dd000 JavaThread "Reference Handler" daemon [_thread_blocked, id=7204, stack(0x0000000015b20000,0x0000000015c20000)]
  0x00000000021f0800 JavaThread "main" [_thread_in_vm, id=4356, stack(0x0000000001f10000,0x0000000002010000)]

Other Threads:
  0x0000000014987800 VMThread [stack: 0x0000000015a20000,0x0000000015b20000] [id=12052]
  0x000000001612f800 WatcherThread [stack: 0x0000000016720000,0x0000000016820000] [id=10344]

VM state:not at safepoint (normal execution)

VM Mutex/Monitor currently owned by a thread: None

Heap:
 PSYoungGen      total 28672K, used 28405K [0x00000000eab00000, 0x00000000ee300000, 0x0000000100000000)
  eden space 24576K, 98% used [0x00000000eab00000,0x00000000ec2beb78,0x00000000ec300000)
  from space 4096K, 99% used [0x00000000ec700000,0x00000000ecafeac8,0x00000000ecb00000)
  to   space 4096K, 0% used [0x00000000ec300000,0x00000000ec300000,0x00000000ec700000)
 ParOldGen       total 65536K, used 4806K [0x00000000c0000000, 0x00000000c4000000, 0x00000000eab00000)
  object space 65536K, 7% used [0x00000000c0000000,0x00000000c04b1980,0x00000000c4000000)
 Metaspace       used 6088K, capacity 7028K, committed 7296K, reserved 1056768K
  class space    used 596K, capacity 620K, committed 640K, reserved 1048576K

Card table byte_map: [0x00000000116b0000,0x00000000118c0000] byte_map_base: 0x00000000110b0000

Marking Bits: (ParMarkBitMap*) 0x0000000071904040
 Begin Bits: [0x0000000011e20000, 0x0000000012e20000)
 End Bits:   [0x0000000012e20000, 0x0000000013e20000)

Polling page: 0x0000000000860000

CodeCache: size=245760Kb used=6455Kb max_used=6455Kb free=239304Kb
 bounds [0x00000000022f0000, 0x0000000002950000, 0x00000000112f0000]
 total_blobs=1844 nmethods=1576 adapters=181
 compilation: enabled

Compilation events (10 events):
Event: 3.223 Thread 0x0000000016128800 1587       2       java.lang.System$2::getEnumConstantsShared (8 bytes)
Event: 3.223 Thread 0x0000000016128800 nmethod 1587 0x000000000293c650 code [0x000000000293c7c0, 0x000000000293c968]
Event: 3.223 Thread 0x0000000016128800 1588       2       com.android.dx.ssa.Optimizer::optimize (16 bytes)
Event: 3.223 Thread 0x0000000016128800 nmethod 1588 0x000000000293ca50 code [0x000000000293cbc0, 0x000000000293cda8]
Event: 3.223 Thread 0x0000000016128800 1579       2       com.android.dx.rop.code.Insn$BaseVisitor::visitThrowingInsn (1 bytes)
Event: 3.223 Thread 0x0000000016128800 nmethod 1579 0x000000000293ced0 code [0x000000000293d020, 0x000000000293d170]
Event: 3.223 Thread 0x0000000016128800 1580       2       com.android.dx.dex.code.RopTranslator$LocalVariableAwareTranslationVisitor::visitThrowingInsn (11 bytes)
Event: 3.224 Thread 0x0000000016128800 nmethod 1580 0x000000000293d210 code [0x000000000293d3c0, 0x000000000293d7d8]
Event: 3.224 Thread 0x0000000016128800 1581       2       com.android.dx.dex.code.RopTranslator$TranslationVisitor::visitThrowingInsn (118 bytes)
Event: 3.226 Thread 0x0000000016128800 nmethod 1581 0x000000000293dc50 code [0x000000000293dea0, 0x000000000293e608]

GC Heap History (4 events):
Event: 2.136 GC heap before
{Heap before GC invocations=1 (full 0):
 PSYoungGen      total 28672K, used 24576K [0x00000000eab00000, 0x00000000ecb00000, 0x0000000100000000)
  eden space 24576K, 100% used [0x00000000eab00000,0x00000000ec300000,0x00000000ec300000)
  from space 4096K, 0% used [0x00000000ec700000,0x00000000ec700000,0x00000000ecb00000)
  to   space 4096K, 0% used [0x00000000ec300000,0x00000000ec300000,0x00000000ec700000)
 ParOldGen       total 65536K, used 0K [0x00000000c0000000, 0x00000000c4000000, 0x00000000eab00000)
  object space 65536K, 0% used [0x00000000c0000000,0x00000000c0000000,0x00000000c4000000)
 Metaspace       used 5776K, capacity 6896K, committed 7040K, reserved 1056768K
  class space    used 571K, capacity 616K, committed 640K, reserved 1048576K
Event: 2.148 GC heap after
Heap after GC invocations=1 (full 0):
 PSYoungGen      total 28672K, used 4074K [0x00000000eab00000, 0x00000000ecb00000, 0x0000000100000000)
  eden space 24576K, 0% used [0x00000000eab00000,0x00000000eab00000,0x00000000ec300000)
  from space 4096K, 99% used [0x00000000ec300000,0x00000000ec6faac8,0x00000000ec700000)
  to   space 4096K, 0% used [0x00000000ec700000,0x00000000ec700000,0x00000000ecb00000)
 ParOldGen       total 65536K, used 1503K [0x00000000c0000000, 0x00000000c4000000, 0x00000000eab00000)
  object space 65536K, 2% used [0x00000000c0000000,0x00000000c0177c60,0x00000000c4000000)
 Metaspace       used 5776K, capacity 6896K, committed 7040K, reserved 1056768K
  class space    used 571K, capacity 616K, committed 640K, reserved 1048576K
}
Event: 2.804 GC heap before
{Heap before GC invocations=2 (full 0):
 PSYoungGen      total 28672K, used 28650K [0x00000000eab00000, 0x00000000ecb00000, 0x0000000100000000)
  eden space 24576K, 100% used [0x00000000eab00000,0x00000000ec300000,0x00000000ec300000)
  from space 4096K, 99% used [0x00000000ec300000,0x00000000ec6faac8,0x00000000ec700000)
  to   space 4096K, 0% used [0x00000000ec700000,0x00000000ec700000,0x00000000ecb00000)
 ParOldGen       total 65536K, used 1503K [0x00000000c0000000, 0x00000000c4000000, 0x00000000eab00000)
  object space 65536K, 2% used [0x00000000c0000000,0x00000000c0177c60,0x00000000c4000000)
 Metaspace       used 5914K, capacity 6960K, committed 7040K, reserved 1056768K
  class space    used 574K, capacity 616K, committed 640K, reserved 1048576K
Event: 2.848 GC heap after
Heap after GC invocations=2 (full 0):
 PSYoungGen      total 28672K, used 4090K [0x00000000eab00000, 0x00000000ee300000, 0x0000000100000000)
  eden space 24576K, 0% used [0x00000000eab00000,0x00000000eab00000,0x00000000ec300000)
  from space 4096K, 99% used [0x00000000ec700000,0x00000000ecafeac8,0x00000000ecb00000)
  to   space 4096K, 0% used [0x00000000ec300000,0x00000000ec300000,0x00000000ec700000)
 ParOldGen       total 65536K, used 4806K [0x00000000c0000000, 0x00000000c4000000, 0x00000000eab00000)
  object space 65536K, 7% used [0x00000000c0000000,0x00000000c04b1980,0x00000000c4000000)
 Metaspace       used 5914K, capacity 6960K, committed 7040K, reserved 1056768K
  class space    used 574K, capacity 616K, committed 640K, reserved 1048576K
}

Deoptimization events (10 events):
Event: 2.614 Thread 0x000000001637f000 Uncommon trap: reason=null_check action=make_not_entrant pc=0x00000000027c06a0 method=com.android.dx.rop.type.Type.equals(Ljava/lang/Object;)Z @ 8
Event: 2.893 Thread 0x000000001637f000 Uncommon trap: reason=bimorphic action=maybe_recompile pc=0x0000000002786cec method=java.util.HashMap.getNode(ILjava/lang/Object;)Ljava/util/HashMap$Node; @ 126
Event: 2.942 Thread 0x0000000016372000 Uncommon trap: reason=unstable_if action=reinterpret pc=0x00000000027d0eb8 method=java.util.HashMap.putVal(ILjava/lang/Object;Ljava/lang/Object;ZZ)Ljava/lang/Object; @ 162
Event: 3.021 Thread 0x0000000016372000 Uncommon trap: reason=unstable_if action=reinterpret pc=0x000000000253cc90 method=java.util.HashMap.getNode(ILjava/lang/Object;)Ljava/util/HashMap$Node; @ 84
Event: 3.023 Thread 0x0000000016372000 Uncommon trap: reason=bimorphic action=maybe_recompile pc=0x0000000002786cec method=java.util.HashMap.getNode(ILjava/lang/Object;)Ljava/util/HashMap$Node; @ 126
Event: 3.023 Thread 0x0000000016372000 Uncommon trap: reason=bimorphic action=maybe_recompile pc=0x0000000002786cec method=java.util.HashMap.getNode(ILjava/lang/Object;)Ljava/util/HashMap$Node; @ 126
Event: 3.023 Thread 0x0000000016372000 Uncommon trap: reason=bimorphic action=maybe_recompile pc=0x0000000002786cec method=java.util.HashMap.getNode(ILjava/lang/Object;)Ljava/util/HashMap$Node; @ 126
Event: 3.060 Thread 0x0000000016372000 Uncommon trap: reason=bimorphic action=maybe_recompile pc=0x0000000002907ca4 method=com.android.dx.cf.code.BytecodeArray.parseInstruction(ILcom/android/dx/cf/code/BytecodeArray$Visitor;)I @ 1161
Event: 3.061 Thread 0x0000000016372000 Uncommon trap: reason=bimorphic action=maybe_recompile pc=0x0000000002907ca4 method=com.android.dx.cf.code.BytecodeArray.parseInstruction(ILcom/android/dx/cf/code/BytecodeArray$Visitor;)I @ 1161
Event: 3.150 Thread 0x000000001637f000 Uncommon trap: reason=null_check action=make_not_entrant pc=0x000000000278c478 method=com.android.dx.ssa.SsaRenamer.getLocalForNewReg(I)Lcom/android/dx/rop/code/LocalItem; @ 19

Internal exceptions (7 events):
Event: 0.078 Thread 0x00000000021f0800 Exception <a 'java/lang/NoSuchMethodError': Method sun.misc.Unsafe.defineClass(Ljava/lang/String;[BII)Ljava/lang/Class; name or signature does not match> (0x00000000eab0d2b0) thrown at [C:\re\workspace\8-2-build-windows-amd64-cygwin\jdk8u45\3627\hotspot\sr‚à¾6y
´?
Event: 0.078 Thread 0x00000000021f0800 Exception <a 'java/lang/NoSuchMethodError': Method sun.misc.Unsafe.prefetchRead(Ljava/lang/Object;J)V name or signature does not match> (0x00000000eab0d540) thrown at [C:\re\workspace\8-2-build-windows-amd64-cygwin\jdk8u45\3627\hotspot\src\share\vm\prims\jò…8oªé@
Event: 2.614 Thread 0x000000001637f000 Implicit null exception at 0x00000000027c05a2 to 0x00000000027c0692
Event: 3.005 Thread 0x0000000016372000 Exception <a 'java/lang/ArrayIndexOutOfBoundsException': 18> (0x00000000eb297ec8) thrown at [C:\re\workspace\8-2-build-windows-amd64-cygwin\jdk8u45\3627\hotspot\src\share\vm\interpreter\interpreterRuntime.cpp, line 366]
Event: 3.006 Thread 0x0000000016372000 Exception <a 'java/lang/ArrayIndexOutOfBoundsException': 145> (0x00000000eb299998) thrown at [C:\re\workspace\8-2-build-windows-amd64-cygwin\jdk8u45\3627\hotspot\src\share\vm\interpreter\interpreterRuntime.cpp, line 366]
Event: 3.018 Thread 0x0000000016372000 Exception <a 'java/lang/ArrayIndexOutOfBoundsException'> (0x00000000eb29abd0) thrown at [C:\re\workspace\8-2-build-windows-amd64-cygwin\jdk8u45\3627\hotspot\src\share\vm\runtime\sharedRuntime.cpp, line 605]
Event: 3.150 Thread 0x000000001637f000 Implicit null exception at 0x0000000002789a53 to 0x000000000278c43d

Events (10 events):
Event: 3.150 Thread 0x000000001637f000 DEOPT PACKING pc=0x000000000278c478 sp=0x0000000016c1ea20
Event: 3.150 Thread 0x000000001637f000 DEOPT UNPACKING pc=0x000000000233582a sp=0x0000000016c1e878 mode 2
Event: 3.154 Thread 0x0000000016372000 DEOPT PACKING pc=0x00000000026ad7d0 sp=0x000000001691e980
Event: 3.154 Thread 0x0000000016372000 DEOPT UNPACKING pc=0x000000000233787f sp=0x000000001691e718 mode 0
Event: 3.157 loading class java/util/TreeMap$EntrySet
Event: 3.158 loading class java/util/TreeMap$EntrySet done
Event: 3.158 loading class java/util/TreeMap$EntryIterator
Event: 3.158 loading class java/util/TreeMap$EntryIterator done
Event: 3.158 Executing VM operation: Deoptimize
Event: 3.159 Executing VM operation: Deoptimize done


Dynamic libraries:
0x00007ff6803e0000 - 0x00007ff680417000 	C:\Program Files\Java\jdk1.8.0_45\bin\java.exe
0x00007ffc5d240000 - 0x00007ffc5d401000 	C:\WINDOWS\SYSTEM32\ntdll.dll
0x00007ffc5cb80000 - 0x00007ffc5cc2d000 	C:\WINDOWS\system32\KERNEL32.DLL
0x00007ffc59b90000 - 0x00007ffc59d78000 	C:\WINDOWS\system32\KERNELBASE.dll
0x00007ffc5af60000 - 0x00007ffc5b007000 	C:\WINDOWS\system32\ADVAPI32.dll
0x00007ffc5cd50000 - 0x00007ffc5cded000 	C:\WINDOWS\system32\msvcrt.dll
0x00007ffc5aa70000 - 0x00007ffc5aacb000 	C:\WINDOWS\system32\sechost.dll
0x00007ffc5cc30000 - 0x00007ffc5cd4c000 	C:\WINDOWS\system32\RPCRT4.dll
0x00007ffc5a8b0000 - 0x00007ffc5aa06000 	C:\WINDOWS\system32\USER32.dll
0x00007ffc5b230000 - 0x00007ffc5b3b6000 	C:\WINDOWS\system32\GDI32.dll
0x00007ffc4f010000 - 0x00007ffc4f284000 	C:\WINDOWS\WinSxS\amd64_microsoft.windows.common-controls_6595b64144ccf1df_6.0.10586.0_none_8c15ae12515e1c22\COMCTL32.dll
0x00007ffc5cdf0000 - 0x00007ffc5d06d000 	C:\WINDOWS\system32\combase.dll
0x00007ffc5a5d0000 - 0x00007ffc5a63a000 	C:\WINDOWS\system32\bcryptPrimitives.dll
0x00007ffc5aa10000 - 0x00007ffc5aa4b000 	C:\WINDOWS\system32\IMM32.DLL
0x0000000070c00000 - 0x0000000070cd2000 	C:\Program Files\Java\jdk1.8.0_45\jre\bin\msvcr100.dll
0x0000000071100000 - 0x0000000071983000 	C:\Program Files\Java\jdk1.8.0_45\jre\bin\server\jvm.dll
0x00007ffc5d0e0000 - 0x00007ffc5d0e8000 	C:\WINDOWS\system32\PSAPI.DLL
0x00007ffc52a70000 - 0x00007ffc52a79000 	C:\WINDOWS\SYSTEM32\WSOCK32.dll
0x00007ffc5d070000 - 0x00007ffc5d0db000 	C:\WINDOWS\system32\WS2_32.dll
0x00007ffc57c20000 - 0x00007ffc57c43000 	C:\WINDOWS\SYSTEM32\WINMM.dll
0x00007ffc4c830000 - 0x00007ffc4c83a000 	C:\WINDOWS\SYSTEM32\VERSION.dll
0x00007ffc57bf0000 - 0x00007ffc57c1c000 	C:\WINDOWS\SYSTEM32\WINMMBASE.dll
0x00007ffc59ac0000 - 0x00007ffc59b03000 	C:\WINDOWS\system32\cfgmgr32.dll
0x00000000710f0000 - 0x00000000710ff000 	C:\Program Files\Java\jdk1.8.0_45\jre\bin\verify.dll
0x00000000710c0000 - 0x00000000710e9000 	C:\Program Files\Java\jdk1.8.0_45\jre\bin\java.dll
0x00000000710a0000 - 0x00000000710b6000 	C:\Program Files\Java\jdk1.8.0_45\jre\bin\zip.dll
0x00007ffc5b3c0000 - 0x00007ffc5c91c000 	C:\WINDOWS\system32\SHELL32.dll
0x00007ffc59e40000 - 0x00007ffc5a485000 	C:\WINDOWS\system32\windows.storage.dll
0x00007ffc5b010000 - 0x00007ffc5b062000 	C:\WINDOWS\system32\shlwapi.dll
0x00007ffc598e0000 - 0x00007ffc598ef000 	C:\WINDOWS\system32\kernel.appcore.dll
0x00007ffc59d80000 - 0x00007ffc59e35000 	C:\WINDOWS\system32\shcore.dll
0x00007ffc59860000 - 0x00007ffc598ab000 	C:\WINDOWS\system32\powrprof.dll
0x00007ffc598b0000 - 0x00007ffc598c4000 	C:\WINDOWS\system32\profapi.dll
0x00007ffc48920000 - 0x00007ffc48aac000 	C:\WINDOWS\SYSTEM32\dbghelp.dll

VM Arguments:
jvm_args: -Xmx1024M -Dfile.encoding=windows-1252 -Duser.country=US -Duser.language=en -Duser.variant 
java_command: com.android.dx.command.Main --dex --num-threads=4 --output C:\Users\Rishabh\Documents\GitHub\Epoque\Epoque\app\build\intermediates\pre-dexed\debug\apache-httpcomponents-httpcore-9d5c33957d284d79c34450a9da4be454cd66b699.jar C:\Users\Rishabh\Documents\GitHub\Epoque\Epoque\app\libs\apache-httpcomponents-httpcore.jar
java_class_path (initial): C:\Program Files\Android\android-sdk\build-tools\23.0.1\lib\dx.jar
Launcher Type: SUN_STANDARD

Environment Variables:
PATH=C:\ProgramData\Oracle\Java\javapath;C:\WINDOWS\system32;C:\WINDOWS;C:\WINDOWS\System32\Wbem;C:\WINDOWS\System32\WindowsPowerShell\v1.0\;C:\Program Files (x86)\Intel\OpenCL SDK\2.0\bin\x86;C:\Program Files (x86)\Intel\OpenCL SDK\2.0\bin\x64;C:\Program Files (x86)\Common Files\lenovo\easyplussdk\bin;C:\Program Files (x86)\Skype\Phone\
USERNAME=Rishabh
OS=Windows_NT
PROCESSOR_IDENTIFIER=Intel64 Family 6 Model 42 Stepping 7, GenuineIntel



---------------  S Y S T E M  ---------------

OS: Windows 10.0 , 64 bit Build 10586 (10.0.10586.0)

CPU:total 4 (2 cores per cpu, 2 threads per core) family 6 model 42 stepping 7, cmov, cx8, fxsr, mmx, sse, sse2, sse3, ssse3, sse4.1, sse4.2, popcnt, avx, clmul, ht, tsc, tscinvbit

Memory: 4k page, physical 6196404k(753380k free), swap 9876984k(41196k free)

vm_info: Java HotSpot(TM) 64-Bit Server VM (25.45-b02) for windows-amd64 JRE (1.8.0_45-b15), built on Apr 30 2015 12:40:44 by "java_re" with MS VC++ 10.0 (VS2010)

time: Mon Feb 29 03:25:51 2016
elapsed time: 3 seconds (0d 0h 0m 3s)

