#
# There is insufficient memory for the Java Runtime Environment to continue.
# Native memory allocation (malloc) failed to allocate 32744 bytes for ChunkPool::allocate
# Possible reasons:
#   The system is out of physical RAM or swap space
#   In 32 bit mode, the process size limit was hit
# Possible solutions:
#   Reduce memory load on the system
#   Increase physical memory or swap space
#   Check if swap backing store is full
#   Use 64 bit Java on a 64 bit OS
#   Decrease Java heap size (-Xmx/-Xms)
#   Decrease number of Java threads
#   Decrease Java thread stack sizes (-Xss)
#   Set larger code cache with -XX:ReservedCodeCacheSize=
# This output file may be truncated or incomplete.
#
#  Out of Memory Error (allocation.cpp:273), pid=7956, tid=12892
#
# JRE version: Java(TM) SE Runtime Environment (8.0_45-b15) (build 1.8.0_45-b15)
# Java VM: Java HotSpot(TM) 64-Bit Server VM (25.45-b02 mixed mode windows-amd64 compressed oops)
# Failed to write core dump. Minidumps are not enabled by default on client versions of Windows
#

---------------  T H R E A D  ---------------

Current thread (0x0000000014a70000):  JavaThread "C2 CompilerThread1" daemon [_thread_in_native, id=12892, stack(0x00000000160d0000,0x00000000161d0000)]

Stack: [0x00000000160d0000,0x00000000161d0000]
Native frames: (J=compiled Java code, j=interpreted, Vv=VM code, C=native code)
V  [jvm.dll+0x32b57a]
V  [jvm.dll+0x279873]
V  [jvm.dll+0x27a509]
V  [jvm.dll+0x271825]
V  [jvm.dll+0xcb804]
V  [jvm.dll+0xcba27]
V  [jvm.dll+0xcbeac]
V  [jvm.dll+0xcc204]
V  [jvm.dll+0x4e9fa7]
V  [jvm.dll+0x4eac6e]
V  [jvm.dll+0x4da4f8]
V  [jvm.dll+0x4daf5f]
V  [jvm.dll+0x4db84a]
V  [jvm.dll+0x4dc287]
V  [jvm.dll+0x46a551]
V  [jvm.dll+0x46cd52]
V  [jvm.dll+0x4500f2]
V  [jvm.dll+0xa4352]
V  [jvm.dll+0xa4c8f]
V  [jvm.dll+0x241984]
V  [jvm.dll+0x29853a]
C  [msvcr100.dll+0x21d9f]
C  [msvcr100.dll+0x21e3b]
C  [KERNEL32.DLL+0x18102]
C  [ntdll.dll+0x5c574]


Current CompileTask:
C2:   6839 1361       4       com.android.dx.ssa.SCCP::simulateBranch (666 bytes)


---------------  P R O C E S S  ---------------

Java Threads: ( => current thread )
  0x0000000016531000 JavaThread "pool-1-thread-4" [_thread_in_Java, id=12180, stack(0x0000000016cd0000,0x0000000016dd0000)]
  0x0000000016530800 JavaThread "pool-1-thread-3" [_thread_in_Java, id=14436, stack(0x0000000016bd0000,0x0000000016cd0000)]
  0x000000001652f800 JavaThread "pool-1-thread-2" [_thread_in_Java, id=14196, stack(0x0000000016ad0000,0x0000000016bd0000)]
  0x0000000016528800 JavaThread "pool-2-thread-1" [_thread_blocked, id=13252, stack(0x00000000169d0000,0x0000000016ad0000)]
  0x0000000016520000 JavaThread "pool-1-thread-1" [_thread_in_Java, id=13316, stack(0x00000000168d0000,0x00000000169d0000)]
  0x0000000016305800 JavaThread "Service Thread" daemon [_thread_blocked, id=10576, stack(0x00000000166d0000,0x00000000167d0000)]
  0x0000000014a76800 JavaThread "C1 CompilerThread2" daemon [_thread_in_native, id=8752, stack(0x00000000161d0000,0x00000000162d0000)]
=>0x0000000014a70000 JavaThread "C2 CompilerThread1" daemon [_thread_in_native, id=12892, stack(0x00000000160d0000,0x00000000161d0000)]
  0x0000000014a68000 JavaThread "C2 CompilerThread0" daemon [_thread_in_native, id=12404, stack(0x0000000015fd0000,0x00000000160d0000)]
  0x0000000014a66800 JavaThread "Attach Listener" daemon [_thread_blocked, id=13840, stack(0x0000000015ed0000,0x0000000015fd0000)]
  0x0000000014a65800 JavaThread "Signal Dispatcher" daemon [_thread_blocked, id=12480, stack(0x0000000015dd0000,0x0000000015ed0000)]
  0x0000000002396000 JavaThread "Finalizer" daemon [_thread_blocked, id=11752, stack(0x0000000015cd0000,0x0000000015dd0000)]
  0x000000000238d000 JavaThread "Reference Handler" daemon [_thread_blocked, id=11076, stack(0x0000000015bd0000,0x0000000015cd0000)]
  0x00000000022a0800 JavaThread "main" [_thread_in_Java, id=11636, stack(0x0000000002190000,0x0000000002290000)]

Other Threads:
  0x0000000014a37800 VMThread [stack: 0x0000000015ad0000,0x0000000015bd0000] [id=6284]
  0x0000000016306000 WatcherThread [stack: 0x00000000167d0000,0x00000000168d0000] [id=12328]

VM state:not at safepoint (normal execution)

VM Mutex/Monitor currently owned by a thread: None

Heap:
 PSYoungGen      total 28672K, used 19486K [0x00000000eab00000, 0x00000000ee300000, 0x0000000100000000)
  eden space 24576K, 62% used [0x00000000eab00000,0x00000000eba09d70,0x00000000ec300000)
  from space 4096K, 99% used [0x00000000ec300000,0x00000000ec6fdc98,0x00000000ec700000)
  to   space 4096K, 0% used [0x00000000edf00000,0x00000000edf00000,0x00000000ee300000)
 ParOldGen       total 65536K, used 1495K [0x00000000c0000000, 0x00000000c4000000, 0x00000000eab00000)
  object space 65536K, 2% used [0x00000000c0000000,0x00000000c0175f30,0x00000000c4000000)
 Metaspace       used 5910K, capacity 6960K, committed 7040K, reserved 1056768K
  class space    used 582K, capacity 616K, committed 640K, reserved 1048576K

Card table byte_map: [0x0000000011760000,0x0000000011970000] byte_map_base: 0x0000000011160000

Marking Bits: (ParMarkBitMap*) 0x0000000071904040
 Begin Bits: [0x0000000011ed0000, 0x0000000012ed0000)
 End Bits:   [0x0000000012ed0000, 0x0000000013ed0000)

Polling page: 0x0000000000450000

CodeCache: size=245760Kb used=5635Kb max_used=5647Kb free=240124Kb
 bounds [0x00000000023a0000, 0x0000000002930000, 0x00000000113a0000]
 total_blobs=1626 nmethods=1357 adapters=182
 compilation: enabled

Compilation events (10 events):
Event: 6.632 Thread 0x0000000014a70000 1361       4       com.android.dx.ssa.SCCP::simulateBranch (666 bytes)
Event: 6.635 Thread 0x0000000014a76800 nmethod 1357 0x000000000291c090 code [0x000000000291c6c0, 0x00000000029210e8]
Event: 6.635 Thread 0x0000000014a76800 1359       2       java.util.HashMap::getNode (148 bytes)
Event: 6.636 Thread 0x0000000014a76800 nmethod 1359 0x000000000291b8d0 code [0x000000000291ba60, 0x000000000291be28]
Event: 6.636 Thread 0x0000000014a76800 1358       3       com.android.dx.ssa.PhiInsn::predBlocksForReg (73 bytes)
Event: 6.638 Thread 0x0000000014a76800 nmethod 1358 0x0000000002910090 code [0x0000000002910300, 0x0000000002911358]
Event: 6.638 Thread 0x0000000014a76800 1362       3       com.android.dx.ssa.SCCP::replaceBranches (142 bytes)
Event: 6.640 Thread 0x0000000014a76800 nmethod 1362 0x0000000002923e50 code [0x00000000029240a0, 0x0000000002925068]
Event: 6.643 Thread 0x0000000014a68000 nmethod 1313 0x000000000291a990 code [0x000000000291ab00, 0x000000000291b218]
Event: 6.643 Thread 0x0000000014a68000 1360       4       com.android.dx.ssa.LocalVariableExtractor::processBlock (383 bytes)

GC Heap History (2 events):
Event: 5.148 GC heap before
{Heap before GC invocations=1 (full 0):
 PSYoungGen      total 28672K, used 24576K [0x00000000eab00000, 0x00000000ecb00000, 0x0000000100000000)
  eden space 24576K, 100% used [0x00000000eab00000,0x00000000ec300000,0x00000000ec300000)
  from space 4096K, 0% used [0x00000000ec700000,0x00000000ec700000,0x00000000ecb00000)
  to   space 4096K, 0% used [0x00000000ec300000,0x00000000ec300000,0x00000000ec700000)
 ParOldGen       total 65536K, used 0K [0x00000000c0000000, 0x00000000c4000000, 0x00000000eab00000)
  object space 65536K, 0% used [0x00000000c0000000,0x00000000c0000000,0x00000000c4000000)
 Metaspace       used 5802K, capacity 6896K, committed 7040K, reserved 1056768K
  class space    used 582K, capacity 616K, committed 640K, reserved 1048576K
Event: 5.280 GC heap after
Heap after GC invocations=1 (full 0):
 PSYoungGen      total 28672K, used 4087K [0x00000000eab00000, 0x00000000ee300000, 0x0000000100000000)
  eden space 24576K, 0% used [0x00000000eab00000,0x00000000eab00000,0x00000000ec300000)
  from space 4096K, 99% used [0x00000000ec300000,0x00000000ec6fdc98,0x00000000ec700000)
  to   space 4096K, 0% used [0x00000000edf00000,0x00000000edf00000,0x00000000ee300000)
 ParOldGen       total 65536K, used 1495K [0x00000000c0000000, 0x00000000c4000000, 0x00000000eab00000)
  object space 65536K, 2% used [0x00000000c0000000,0x00000000c0175f30,0x00000000c4000000)
 Metaspace       used 5802K, capacity 6896K, committed 7040K, reserved 1056768K
  class space    used 582K, capacity 616K, committed 640K, reserved 1048576K
}

Deoptimization events (10 events):
Event: 5.432 Thread 0x00000000022a0800 Uncommon trap: reason=bimorphic action=maybe_recompile pc=0x00000000027fea80 method=java.util.HashMap.getNode(ILjava/lang/Object;)Ljava/util/HashMap$Node; @ 126
Event: 5.432 Thread 0x00000000022a0800 Uncommon trap: reason=class_check action=maybe_recompile pc=0x000000000280bc40 method=java.util.HashMap.putVal(ILjava/lang/Object;Ljava/lang/Object;ZZ)Ljava/lang/Object; @ 203
Event: 5.432 Thread 0x00000000022a0800 Uncommon trap: reason=bimorphic action=maybe_recompile pc=0x00000000027fea80 method=java.util.HashMap.getNode(ILjava/lang/Object;)Ljava/util/HashMap$Node; @ 126
Event: 5.432 Thread 0x00000000022a0800 Uncommon trap: reason=class_check action=maybe_recompile pc=0x000000000280bc40 method=java.util.HashMap.putVal(ILjava/lang/Object;Ljava/lang/Object;ZZ)Ljava/lang/Object; @ 203
Event: 5.432 Thread 0x00000000022a0800 Uncommon trap: reason=bimorphic action=maybe_recompile pc=0x00000000027fea80 method=java.util.HashMap.getNode(ILjava/lang/Object;)Ljava/util/HashMap$Node; @ 126
Event: 6.590 Thread 0x000000001652f800 Uncommon trap: reason=unstable_if action=reinterpret pc=0x0000000002704a98 method=com.android.dx.rop.code.RegisterSpec.equals(ILcom/android/dx/rop/type/TypeBearer;Lcom/android/dx/rop/code/LocalItem;)Z @ 42
Event: 6.628 Thread 0x0000000016531000 Uncommon trap: reason=bimorphic action=maybe_recompile pc=0x00000000027fea80 method=java.util.HashMap.getNode(ILjava/lang/Object;)Ljava/util/HashMap$Node; @ 126
Event: 6.629 Thread 0x0000000016531000 Uncommon trap: reason=bimorphic action=maybe_recompile pc=0x00000000028aadd0 method=com.android.dx.cf.code.BytecodeArray.parseInstruction(ILcom/android/dx/cf/code/BytecodeArray$Visitor;)I @ 939
Event: 6.630 Thread 0x0000000016531000 Uncommon trap: reason=bimorphic action=maybe_recompile pc=0x00000000028aadd0 method=com.android.dx.cf.code.BytecodeArray.parseInstruction(ILcom/android/dx/cf/code/BytecodeArray$Visitor;)I @ 939
Event: 6.631 Thread 0x0000000016531000 Uncommon trap: reason=unstable_if action=reinterpret pc=0x0000000002864bf0 method=com.android.dx.ssa.SCCP.simulateStmt(Lcom/android/dx/ssa/SsaInsn;)V @ 53

Internal exceptions (4 events):
Event: 0.116 Thread 0x00000000022a0800 Exception <a 'java/lang/NoSuchMethodError': Method sun.misc.Unsafe.defineClass(Ljava/lang/String;[BII)Ljava/lang/Class; name or signature does not match> (0x00000000eab0d158) thrown at [C:\re\workspace\8-2-build-windows-amd64-cygwin\jdk8u45\3627\hotspot\srJ
Event: 0.116 Thread 0x00000000022a0800 Exception <a 'java/lang/NoSuchMethodError': Method sun.misc.Unsafe.prefetchRead(Ljava/lang/Object;J)V name or signature does not match> (0x00000000eab0d3e8) thrown at [C:\re\workspace\8-2-build-windows-amd64-cygwin\jdk8u45\3627\hotspot\src\share\vm\prims\jêÖ¸Ÿ‹@
Event: 5.136 Thread 0x0000000016531000 Implicit null exception at 0x000000000270faf5 to 0x00000000027120d5
Event: 5.404 Thread 0x0000000016531000 Implicit null exception at 0x0000000002817da2 to 0x0000000002817e92

Events (10 events):
Event: 6.628 Thread 0x0000000016531000 DEOPT UNPACKING pc=0x00000000023e582a sp=0x0000000016dce500 mode 2
Event: 6.629 Thread 0x0000000016531000 Uncommon trap: trap_request=0xffffffc6 fr.pc=0x00000000028aadd0
Event: 6.629 Thread 0x0000000016531000 DEOPT PACKING pc=0x00000000028aadd0 sp=0x0000000016dce5c0
Event: 6.630 Thread 0x0000000016531000 DEOPT UNPACKING pc=0x00000000023e582a sp=0x0000000016dce548 mode 2
Event: 6.630 Thread 0x0000000016531000 Uncommon trap: trap_request=0xffffffc6 fr.pc=0x00000000028aadd0
Event: 6.630 Thread 0x0000000016531000 DEOPT PACKING pc=0x00000000028aadd0 sp=0x0000000016dce390
Event: 6.630 Thread 0x0000000016531000 DEOPT UNPACKING pc=0x00000000023e582a sp=0x0000000016dce318 mode 2
Event: 6.631 Thread 0x0000000016531000 Uncommon trap: trap_request=0xffffff65 fr.pc=0x0000000002864bf0
Event: 6.631 Thread 0x0000000016531000 DEOPT PACKING pc=0x0000000002864bf0 sp=0x0000000016dce5d0
Event: 6.631 Thread 0x0000000016531000 DEOPT UNPACKING pc=0x00000000023e582a sp=0x0000000016dce5f8 mode 2


Dynamic libraries:
0x00007ff6803e0000 - 0x00007ff680417000 	C:\Program Files\Java\jdk1.8.0_45\bin\java.exe
0x00007ffc5d240000 - 0x00007ffc5d401000 	C:\WINDOWS\SYSTEM32\ntdll.dll
0x00007ffc5cb80000 - 0x00007ffc5cc2d000 	C:\WINDOWS\system32\KERNEL32.DLL
0x00007ffc59b90000 - 0x00007ffc59d78000 	C:\WINDOWS\system32\KERNELBASE.dll
0x00007ffc5af60000 - 0x00007ffc5b007000 	C:\WINDOWS\system32\ADVAPI32.dll
0x00007ffc5cd50000 - 0x00007ffc5cded000 	C:\WINDOWS\system32\msvcrt.dll
0x00007ffc5aa70000 - 0x00007ffc5aacb000 	C:\WINDOWS\system32\sechost.dll
0x00007ffc5cc30000 - 0x00007ffc5cd4c000 	C:\WINDOWS\system32\RPCRT4.dll
0x00007ffc5a8b0000 - 0x00007ffc5aa06000 	C:\WINDOWS\system32\USER32.dll
0x00007ffc5b230000 - 0x00007ffc5b3b6000 	C:\WINDOWS\system32\GDI32.dll
0x00007ffc4f010000 - 0x00007ffc4f284000 	C:\WINDOWS\WinSxS\amd64_microsoft.windows.common-controls_6595b64144ccf1df_6.0.10586.0_none_8c15ae12515e1c22\COMCTL32.dll
0x00007ffc5cdf0000 - 0x00007ffc5d06d000 	C:\WINDOWS\system32\combase.dll
0x00007ffc5a5d0000 - 0x00007ffc5a63a000 	C:\WINDOWS\system32\bcryptPrimitives.dll
0x00007ffc5aa10000 - 0x00007ffc5aa4b000 	C:\WINDOWS\system32\IMM32.DLL
0x0000000070c00000 - 0x0000000070cd2000 	C:\Program Files\Java\jdk1.8.0_45\jre\bin\msvcr100.dll
0x0000000071100000 - 0x0000000071983000 	C:\Program Files\Java\jdk1.8.0_45\jre\bin\server\jvm.dll
0x00007ffc5d0e0000 - 0x00007ffc5d0e8000 	C:\WINDOWS\system32\PSAPI.DLL
0x00007ffc57c20000 - 0x00007ffc57c43000 	C:\WINDOWS\SYSTEM32\WINMM.dll
0x00007ffc52a70000 - 0x00007ffc52a79000 	C:\WINDOWS\SYSTEM32\WSOCK32.dll
0x00007ffc4c830000 - 0x00007ffc4c83a000 	C:\WINDOWS\SYSTEM32\VERSION.dll
0x00007ffc5d070000 - 0x00007ffc5d0db000 	C:\WINDOWS\system32\WS2_32.dll
0x0000000002160000 - 0x000000000218c000 	C:\WINDOWS\SYSTEM32\WINMMBASE.dll
0x00007ffc59ac0000 - 0x00007ffc59b03000 	C:\WINDOWS\system32\cfgmgr32.dll
0x00000000710f0000 - 0x00000000710ff000 	C:\Program Files\Java\jdk1.8.0_45\jre\bin\verify.dll
0x00000000710c0000 - 0x00000000710e9000 	C:\Program Files\Java\jdk1.8.0_45\jre\bin\java.dll
0x00000000710a0000 - 0x00000000710b6000 	C:\Program Files\Java\jdk1.8.0_45\jre\bin\zip.dll
0x00007ffc5b3c0000 - 0x00007ffc5c91c000 	C:\WINDOWS\system32\SHELL32.dll
0x00007ffc59e40000 - 0x00007ffc5a485000 	C:\WINDOWS\system32\windows.storage.dll
0x00007ffc5b010000 - 0x00007ffc5b062000 	C:\WINDOWS\system32\shlwapi.dll
0x00007ffc598e0000 - 0x00007ffc598ef000 	C:\WINDOWS\system32\kernel.appcore.dll
0x00007ffc59d80000 - 0x00007ffc59e35000 	C:\WINDOWS\system32\shcore.dll
0x00007ffc59860000 - 0x00007ffc598ab000 	C:\WINDOWS\system32\powrprof.dll
0x00007ffc598b0000 - 0x00007ffc598c4000 	C:\WINDOWS\system32\profapi.dll
0x00007ffc48920000 - 0x00007ffc48aac000 	C:\WINDOWS\SYSTEM32\dbghelp.dll

VM Arguments:
jvm_args: -Xmx1024M -Dfile.encoding=windows-1252 -Duser.country=US -Duser.language=en -Duser.variant 
java_command: com.android.dx.command.Main --dex --num-threads=4 --output C:\Users\Rishabh\Documents\GitHub\Epoque\Epoque\app\build\intermediates\pre-dexed\debug\classes-3affbe986cf946f0e66b2545ca7f79841a776586.jar C:\Users\Rishabh\Documents\GitHub\Epoque\Epoque\app\build\intermediates\exploded-aar\com.android.support\design\23.1.1\jars\classes.jar
java_class_path (initial): C:\Program Files\Android\android-sdk\build-tools\23.0.1\lib\dx.jar
Launcher Type: SUN_STANDARD

Environment Variables:
PATH=C:\ProgramData\Oracle\Java\javapath;C:\WINDOWS\system32;C:\WINDOWS;C:\WINDOWS\System32\Wbem;C:\WINDOWS\System32\WindowsPowerShell\v1.0\;C:\Program Files (x86)\Intel\OpenCL SDK\2.0\bin\x86;C:\Program Files (x86)\Intel\OpenCL SDK\2.0\bin\x64;C:\Program Files (x86)\Common Files\lenovo\easyplussdk\bin;C:\Program Files (x86)\Skype\Phone\
USERNAME=Rishabh
OS=Windows_NT
PROCESSOR_IDENTIFIER=Intel64 Family 6 Model 42 Stepping 7, GenuineIntel



---------------  S Y S T E M  ---------------

OS: Windows 10.0 , 64 bit Build 10586 (10.0.10586.0)

CPU:total 4 (2 cores per cpu, 2 threads per core) family 6 model 42 stepping 7, cmov, cx8, fxsr, mmx, sse, sse2, sse3, ssse3, sse4.1, sse4.2, popcnt, avx, clmul, ht, tsc, tscinvbit

Memory: 4k page, physical 6196404k(1093576k free), swap 9876984k(4088k free)

vm_info: Java HotSpot(TM) 64-Bit Server VM (25.45-b02) for windows-amd64 JRE (1.8.0_45-b15), built on Apr 30 2015 12:40:44 by "java_re" with MS VC++ 10.0 (VS2010)

time: Mon Feb 29 03:24:15 2016
elapsed time: 6 seconds (0d 0h 0m 6s)

